2026-03-03 18:27:09 [main] INFO  com.calc.Calculator - Square root called with input: 0.0
2026-03-03 18:27:09 [main] INFO  com.calc.Calculator - Square root result: 0.0
2026-03-03 18:27:09 [main] INFO  com.calc.Calculator - Natural log called with input: 1.0
2026-03-03 18:27:09 [main] INFO  com.calc.Calculator - Natural log result: 0.0
2026-03-03 18:27:09 [main] INFO  com.calc.Calculator - Power called with base: 2.0, exponent: -1.0
2026-03-03 18:27:09 [main] INFO  com.calc.Calculator - Power result: 0.5
2026-03-03 18:27:09 [main] INFO  com.calc.Calculator - Power called with base: 2.0, exponent: 3.0
2026-03-03 18:27:09 [main] INFO  com.calc.Calculator - Power result: 8.0
2026-03-03 18:27:09 [main] INFO  com.calc.Calculator - Power called with base: 2.0, exponent: 0.0
2026-03-03 18:27:09 [main] INFO  com.calc.Calculator - Power result: 1.0
2026-03-03 18:27:09 [main] INFO  com.calc.Calculator - Factorial called with input: -1
2026-03-03 18:27:09 [main] ERROR com.calc.Calculator - Invalid input for factorial: -1
2026-03-03 18:27:09 [main] INFO  com.calc.Calculator - Factorial called with input: 5
2026-03-03 18:27:09 [main] INFO  com.calc.Calculator - Factorial result: 120
2026-03-03 18:27:09 [main] INFO  com.calc.Calculator - Factorial called with input: 1
2026-03-03 18:27:09 [main] INFO  com.calc.Calculator - Factorial result: 1
2026-03-03 18:27:09 [main] INFO  com.calc.Calculator - Natural log called with input: 10.0
2026-03-03 18:27:09 [main] INFO  com.calc.Calculator - Natural log result: 2.302585092994046
2026-03-03 18:27:09 [main] INFO  com.calc.Calculator - Square root called with input: -1.0
2026-03-03 18:27:09 [main] ERROR com.calc.Calculator - Invalid input for square root: -1.0
2026-03-03 18:27:09 [main] INFO  com.calc.Calculator - Natural log called with input: -5.0
2026-03-03 18:27:09 [main] ERROR com.calc.Calculator - Invalid input for natural log: -5.0
2026-03-03 18:27:09 [main] INFO  com.calc.Calculator - Square root called with input: 16.0
2026-03-03 18:27:09 [main] INFO  com.calc.Calculator - Square root result: 4.0
2026-03-03 18:27:09 [main] INFO  com.calc.Calculator - Factorial called with input: 0
2026-03-03 18:27:09 [main] INFO  com.calc.Calculator - Factorial result: 1
